<?xml version="1.0" encoding="UTF-8"?>
<testng-results skipped="0" failed="0" ignored="0" total="0" passed="0">
  <reporter-output>
  </reporter-output>
  <suite name="Suite" duration-ms="0" started-at="2020-08-17T00:42:16 IST" finished-at="2020-08-17T00:42:16 IST">
    <groups>
      <group name="First">
        <method signature="PracticeFormPageTest.validateLoginPageStatusCode()[pri:5, instance:com.toolsqa.testcases.PracticeFormPageTest@11438d26]" name="validateLoginPageStatusCode" class="com.toolsqa.testcases.PracticeFormPageTest"/>
      </group> <!-- First -->
    </groups>
  </suite> <!-- Suite -->
</testng-results>
